#
# There is insufficient memory for the Java Runtime Environment to continue.
# Native memory allocation (malloc) failed to allocate 200480 bytes. Error detail: Chunk::new
# Possible reasons:
#   The system is out of physical RAM or swap space
#   This process is running with CompressedOops enabled, and the Java Heap may be blocking the growth of the native heap
# Possible solutions:
#   Reduce memory load on the system
#   Increase physical memory or swap space
#   Check if swap backing store is full
#   Decrease Java heap size (-Xmx/-Xms)
#   Decrease number of Java threads
#   Decrease Java thread stack sizes (-Xss)
#   Set larger code cache with -XX:ReservedCodeCacheSize=
#   JVM is running with Unscaled Compressed Oops mode in which the Java heap is
#     placed in the first 4GB address space. The Java Heap base address is the
#     maximum limit for the native heap growth. Please use -XX:HeapBaseMinAddress
#     to set the Java Heap base and to place the Java Heap above 4GB virtual address.
# This output file may be truncated or incomplete.
#
#  Out of Memory Error (arena.cpp:168), pid=19856, tid=4548
#
# JRE version: OpenJDK Runtime Environment JBR-21.0.8+1-1038.73-jcef (21.0.8+1) (build 21.0.8+1-b1038.73)
# Java VM: OpenJDK 64-Bit Server VM JBR-21.0.8+1-1038.73-jcef (21.0.8+1-b1038.73, mixed mode, sharing, tiered, compressed oops, compressed class ptrs, g1 gc, windows-amd64)
# No core dump will be written. Minidumps are not enabled by default on client versions of Windows
#

---------------  S U M M A R Y ------------

Command Line: git4idea.http.GitAskPassApp Username for 'https://github.com': 

Host: 12th Gen Intel(R) Core(TM) i5-12450H, 12 cores, 7G,  Windows 11 , 64 bit Build 26100 (10.0.26100.7309)
Time: Mon Dec 22 12:57:18 2025 Malay Peninsula Standard Time elapsed time: 0.385619 seconds (0d 0h 0m 0s)

---------------  T H R E A D  ---------------

Current thread (0x0000025ef0bc5700):  JavaThread "C2 CompilerThread0" daemon [_thread_in_native, id=4548, stack(0x00000061def00000,0x00000061df000000) (1024K)]


Current CompileTask:
C2:385  969   !   4       java.util.concurrent.ConcurrentHashMap::putVal (432 bytes)

Stack: [0x00000061def00000,0x00000061df000000]
Native frames: (J=compiled Java code, j=interpreted, Vv=VM code, C=native code)
V  [jvm.dll+0x6ebeb9]
V  [jvm.dll+0x8cbec3]
V  [jvm.dll+0x8ce47e]
V  [jvm.dll+0x8ceb63]
V  [jvm.dll+0x28adf6]
V  [jvm.dll+0xc6f3d]
V  [jvm.dll+0xc7473]
V  [jvm.dll+0x3c7aeb]
V  [jvm.dll+0x1e7892]
V  [jvm.dll+0x251ee4]
V  [jvm.dll+0x251361]
V  [jvm.dll+0x1ceb64]
V  [jvm.dll+0x260bfe]
V  [jvm.dll+0x25f146]
V  [jvm.dll+0x402ee6]
V  [jvm.dll+0x873a78]
V  [jvm.dll+0x6ea63d]
C  [ucrtbase.dll+0x37b0]
C  [KERNEL32.DLL+0x2e8d7]
C  [ntdll.dll+0x8c53c]


---------------  P R O C E S S  ---------------

Threads class SMR info:
_java_thread_list=0x0000025ef5826f40, length=16, elements={
0x0000025ed5f2fb30, 0x0000025ef0bbc770, 0x0000025ef0bbf6b0, 0x0000025ef0bc2120,
0x0000025ef0bc38a0, 0x0000025ef0bc7070, 0x0000025ef0bc4300, 0x0000025ef0bc4970,
0x0000025ef0bc5700, 0x0000025ef0be9950, 0x0000025ef516c2c0, 0x0000025ef57b1580,
0x0000025ef57e0f60, 0x0000025ef5853530, 0x0000025ef58260e0, 0x0000025ef58e2c50
}

Java Threads: ( => current thread )
  0x0000025ed5f2fb30 JavaThread "main"                              [_thread_blocked, id=13044, stack(0x00000061de000000,0x00000061de100000) (1024K)]
  0x0000025ef0bbc770 JavaThread "Common-Cleaner"             daemon [_thread_blocked, id=25964, stack(0x00000061de800000,0x00000061de900000) (1024K)]
  0x0000025ef0bbf6b0 JavaThread "Reference Handler"          daemon [_thread_blocked, id=26456, stack(0x00000061de900000,0x00000061dea00000) (1024K)]
  0x0000025ef0bc2120 JavaThread "Finalizer"                  daemon [_thread_blocked, id=9484, stack(0x00000061dea00000,0x00000061deb00000) (1024K)]
  0x0000025ef0bc38a0 JavaThread "Signal Dispatcher"          daemon [_thread_blocked, id=5284, stack(0x00000061deb00000,0x00000061dec00000) (1024K)]
  0x0000025ef0bc7070 JavaThread "Attach Listener"            daemon [_thread_blocked, id=17108, stack(0x00000061dec00000,0x00000061ded00000) (1024K)]
  0x0000025ef0bc4300 JavaThread "Service Thread"             daemon [_thread_blocked, id=26536, stack(0x00000061ded00000,0x00000061dee00000) (1024K)]
  0x0000025ef0bc4970 JavaThread "Monitor Deflation Thread"   daemon [_thread_blocked, id=19008, stack(0x00000061dee00000,0x00000061def00000) (1024K)]
=>0x0000025ef0bc5700 JavaThread "C2 CompilerThread0"         daemon [_thread_in_native, id=4548, stack(0x00000061def00000,0x00000061df000000) (1024K)]
  0x0000025ef0be9950 JavaThread "C1 CompilerThread0"         daemon [_thread_blocked, id=24048, stack(0x00000061df000000,0x00000061df100000) (1024K)]
  0x0000025ef516c2c0 JavaThread "Notification Thread"        daemon [_thread_blocked, id=23852, stack(0x00000061df100000,0x00000061df200000) (1024K)]
  0x0000025ef57b1580 JavaThread "HttpClient-1-SelectorManager" daemon [_thread_in_native, id=31356, stack(0x00000061df200000,0x00000061df300000) (1024K)]
  0x0000025ef57e0f60 JavaThread "HttpClient-1-Worker-0"      daemon [_thread_in_Java, id=17036, stack(0x00000061df400000,0x00000061df500000) (1024K)]
  0x0000025ef5853530 JavaThread "HttpClient-1-Worker-1"      daemon [_thread_blocked, id=32544, stack(0x00000061df500000,0x00000061df600000) (1024K)]
  0x0000025ef58260e0 JavaThread "C2 CompilerThread1"         daemon [_thread_in_native, id=10712, stack(0x00000061df600000,0x00000061df700000) (1024K)]
  0x0000025ef58e2c50 JavaThread "C2 CompilerThread2"         daemon [_thread_in_native, id=25076, stack(0x00000061df700000,0x00000061df800000) (1024K)]
Total: 16

Other Threads:
  0x0000025ef0b9ff70 VMThread "VM Thread"                           [id=16612, stack(0x00000061de700000,0x00000061de800000) (1024K)]
  0x0000025ef0b8d0d0 WatcherThread "VM Periodic Task Thread"        [id=1536, stack(0x00000061de600000,0x00000061de700000) (1024K)]
  0x0000025ed834e6a0 WorkerThread "GC Thread#0"                     [id=31208, stack(0x00000061de100000,0x00000061de200000) (1024K)]
  0x0000025ed835fc80 ConcurrentGCThread "G1 Main Marker"            [id=16588, stack(0x00000061de200000,0x00000061de300000) (1024K)]
  0x0000025ed8360780 WorkerThread "G1 Conc#0"                       [id=6248, stack(0x00000061de300000,0x00000061de400000) (1024K)]
  0x0000025ef0a58430 ConcurrentGCThread "G1 Refine#0"               [id=22180, stack(0x00000061de400000,0x00000061de500000) (1024K)]
  0x0000025ef0a5ac60 ConcurrentGCThread "G1 Service"                [id=15216, stack(0x00000061de500000,0x00000061de600000) (1024K)]
Total: 7

Threads with active compile tasks:
C2 CompilerThread0  409  969   !   4       java.util.concurrent.ConcurrentHashMap::putVal (432 bytes)
C2 CompilerThread1  409 1073       4       sun.security.ec.ECOperations$PointMultiplier::lookup (84 bytes)
C2 CompilerThread2  409 1041       4       sun.security.util.math.intpoly.IntegerPolynomialP256::mult (943 bytes)
Total: 3

VM state: not at safepoint (normal execution)

VM Mutex/Monitor currently owned by a thread: None

Heap address: 0x0000000084400000, size: 1980 MB, Compressed Oops mode: 32-bit

CDS archive(s) mapped at: [0x0000025e80000000-0x0000025e81c00000-0x0000025e81c00000), size 29360128, SharedBaseAddress: 0x0000025e80000000, ArchiveRelocationMode: 1.
Compressed class space mapped at: 0x0000025e82000000-0x0000025ec2000000, reserved size: 1073741824
Narrow klass base: 0x0000025e80000000, Narrow klass shift: 0, Narrow klass range: 0x100000000

GC Precious Log:
 CardTable entry size: 512
 Card Set container configuration: InlinePtr #cards 5 size 8 Array Of Cards #cards 12 size 40 Howl #buckets 4 coarsen threshold 1843 Howl Bitmap #cards 512 size 80 coarsen threshold 460 Card regions per heap region 1 cards per card region 2048
 CPUs: 12 total, 12 available
 Memory: 7918M
 Large Page Support: Disabled
 NUMA Support: Disabled
 Compressed Oops: Enabled (32-bit)
 Heap Region Size: 1M
 Heap Min Capacity: 8M
 Heap Initial Capacity: 124M
 Heap Max Capacity: 1980M
 Pre-touch: Disabled
 Parallel Workers: 10
 Concurrent Workers: 3
 Concurrent Refinement Workers: 10
 Periodic GC: Disabled

Heap:
 garbage-first heap   total 126976K, used 13312K [0x0000000084400000, 0x0000000100000000)
  region size 1024K, 15 young (15360K), 0 survivors (0K)
 Metaspace       used 2979K, committed 3200K, reserved 1114112K
  class space    used 354K, committed 448K, reserved 1048576K

Heap Regions: E=young(eden), S=young(survivor), O=old, HS=humongous(starts), HC=humongous(continues), CS=collection set, F=free, TAMS=top-at-mark-start, PB=parsable bottom
|   0|0x0000000084400000, 0x0000000084400000, 0x0000000084500000|  0%| F|  |TAMS 0x0000000084400000| PB 0x0000000084400000| Untracked 
|   1|0x0000000084500000, 0x0000000084500000, 0x0000000084600000|  0%| F|  |TAMS 0x0000000084500000| PB 0x0000000084500000| Untracked 
|   2|0x0000000084600000, 0x0000000084600000, 0x0000000084700000|  0%| F|  |TAMS 0x0000000084600000| PB 0x0000000084600000| Untracked 
|   3|0x0000000084700000, 0x0000000084700000, 0x0000000084800000|  0%| F|  |TAMS 0x0000000084700000| PB 0x0000000084700000| Untracked 
|   4|0x0000000084800000, 0x0000000084800000, 0x0000000084900000|  0%| F|  |TAMS 0x0000000084800000| PB 0x0000000084800000| Untracked 
|   5|0x0000000084900000, 0x0000000084900000, 0x0000000084a00000|  0%| F|  |TAMS 0x0000000084900000| PB 0x0000000084900000| Untracked 
|   6|0x0000000084a00000, 0x0000000084a00000, 0x0000000084b00000|  0%| F|  |TAMS 0x0000000084a00000| PB 0x0000000084a00000| Untracked 
|   7|0x0000000084b00000, 0x0000000084b00000, 0x0000000084c00000|  0%| F|  |TAMS 0x0000000084b00000| PB 0x0000000084b00000| Untracked 
|   8|0x0000000084c00000, 0x0000000084c00000, 0x0000000084d00000|  0%| F|  |TAMS 0x0000000084c00000| PB 0x0000000084c00000| Untracked 
|   9|0x0000000084d00000, 0x0000000084d00000, 0x0000000084e00000|  0%| F|  |TAMS 0x0000000084d00000| PB 0x0000000084d00000| Untracked 
|  10|0x0000000084e00000, 0x0000000084e00000, 0x0000000084f00000|  0%| F|  |TAMS 0x0000000084e00000| PB 0x0000000084e00000| Untracked 
|  11|0x0000000084f00000, 0x0000000084f00000, 0x0000000085000000|  0%| F|  |TAMS 0x0000000084f00000| PB 0x0000000084f00000| Untracked 
|  12|0x0000000085000000, 0x0000000085000000, 0x0000000085100000|  0%| F|  |TAMS 0x0000000085000000| PB 0x0000000085000000| Untracked 
|  13|0x0000000085100000, 0x0000000085100000, 0x0000000085200000|  0%| F|  |TAMS 0x0000000085100000| PB 0x0000000085100000| Untracked 
|  14|0x0000000085200000, 0x0000000085200000, 0x0000000085300000|  0%| F|  |TAMS 0x0000000085200000| PB 0x0000000085200000| Untracked 
|  15|0x0000000085300000, 0x0000000085300000, 0x0000000085400000|  0%| F|  |TAMS 0x0000000085300000| PB 0x0000000085300000| Untracked 
|  16|0x0000000085400000, 0x0000000085400000, 0x0000000085500000|  0%| F|  |TAMS 0x0000000085400000| PB 0x0000000085400000| Untracked 
|  17|0x0000000085500000, 0x0000000085500000, 0x0000000085600000|  0%| F|  |TAMS 0x0000000085500000| PB 0x0000000085500000| Untracked 
|  18|0x0000000085600000, 0x0000000085600000, 0x0000000085700000|  0%| F|  |TAMS 0x0000000085600000| PB 0x0000000085600000| Untracked 
|  19|0x0000000085700000, 0x0000000085700000, 0x0000000085800000|  0%| F|  |TAMS 0x0000000085700000| PB 0x0000000085700000| Untracked 
|  20|0x0000000085800000, 0x0000000085800000, 0x0000000085900000|  0%| F|  |TAMS 0x0000000085800000| PB 0x0000000085800000| Untracked 
|  21|0x0000000085900000, 0x0000000085900000, 0x0000000085a00000|  0%| F|  |TAMS 0x0000000085900000| PB 0x0000000085900000| Untracked 
|  22|0x0000000085a00000, 0x0000000085a00000, 0x0000000085b00000|  0%| F|  |TAMS 0x0000000085a00000| PB 0x0000000085a00000| Untracked 
|  23|0x0000000085b00000, 0x0000000085b00000, 0x0000000085c00000|  0%| F|  |TAMS 0x0000000085b00000| PB 0x0000000085b00000| Untracked 
|  24|0x0000000085c00000, 0x0000000085c00000, 0x0000000085d00000|  0%| F|  |TAMS 0x0000000085c00000| PB 0x0000000085c00000| Untracked 
|  25|0x0000000085d00000, 0x0000000085d00000, 0x0000000085e00000|  0%| F|  |TAMS 0x0000000085d00000| PB 0x0000000085d00000| Untracked 
|  26|0x0000000085e00000, 0x0000000085e00000, 0x0000000085f00000|  0%| F|  |TAMS 0x0000000085e00000| PB 0x0000000085e00000| Untracked 
|  27|0x0000000085f00000, 0x0000000085f00000, 0x0000000086000000|  0%| F|  |TAMS 0x0000000085f00000| PB 0x0000000085f00000| Untracked 
|  28|0x0000000086000000, 0x0000000086000000, 0x0000000086100000|  0%| F|  |TAMS 0x0000000086000000| PB 0x0000000086000000| Untracked 
|  29|0x0000000086100000, 0x0000000086100000, 0x0000000086200000|  0%| F|  |TAMS 0x0000000086100000| PB 0x0000000086100000| Untracked 
|  30|0x0000000086200000, 0x0000000086200000, 0x0000000086300000|  0%| F|  |TAMS 0x0000000086200000| PB 0x0000000086200000| Untracked 
|  31|0x0000000086300000, 0x0000000086300000, 0x0000000086400000|  0%| F|  |TAMS 0x0000000086300000| PB 0x0000000086300000| Untracked 
|  32|0x0000000086400000, 0x0000000086400000, 0x0000000086500000|  0%| F|  |TAMS 0x0000000086400000| PB 0x0000000086400000| Untracked 
|  33|0x0000000086500000, 0x0000000086500000, 0x0000000086600000|  0%| F|  |TAMS 0x0000000086500000| PB 0x0000000086500000| Untracked 
|  34|0x0000000086600000, 0x0000000086600000, 0x0000000086700000|  0%| F|  |TAMS 0x0000000086600000| PB 0x0000000086600000| Untracked 
|  35|0x0000000086700000, 0x0000000086700000, 0x0000000086800000|  0%| F|  |TAMS 0x0000000086700000| PB 0x0000000086700000| Untracked 
|  36|0x0000000086800000, 0x0000000086800000, 0x0000000086900000|  0%| F|  |TAMS 0x0000000086800000| PB 0x0000000086800000| Untracked 
|  37|0x0000000086900000, 0x0000000086900000, 0x0000000086a00000|  0%| F|  |TAMS 0x0000000086900000| PB 0x0000000086900000| Untracked 
|  38|0x0000000086a00000, 0x0000000086a00000, 0x0000000086b00000|  0%| F|  |TAMS 0x0000000086a00000| PB 0x0000000086a00000| Untracked 
|  39|0x0000000086b00000, 0x0000000086b00000, 0x0000000086c00000|  0%| F|  |TAMS 0x0000000086b00000| PB 0x0000000086b00000| Untracked 
|  40|0x0000000086c00000, 0x0000000086c00000, 0x0000000086d00000|  0%| F|  |TAMS 0x0000000086c00000| PB 0x0000000086c00000| Untracked 
|  41|0x0000000086d00000, 0x0000000086d00000, 0x0000000086e00000|  0%| F|  |TAMS 0x0000000086d00000| PB 0x0000000086d00000| Untracked 
|  42|0x0000000086e00000, 0x0000000086e00000, 0x0000000086f00000|  0%| F|  |TAMS 0x0000000086e00000| PB 0x0000000086e00000| Untracked 
|  43|0x0000000086f00000, 0x0000000086f00000, 0x0000000087000000|  0%| F|  |TAMS 0x0000000086f00000| PB 0x0000000086f00000| Untracked 
|  44|0x0000000087000000, 0x0000000087000000, 0x0000000087100000|  0%| F|  |TAMS 0x0000000087000000| PB 0x0000000087000000| Untracked 
|  45|0x0000000087100000, 0x0000000087100000, 0x0000000087200000|  0%| F|  |TAMS 0x0000000087100000| PB 0x0000000087100000| Untracked 
|  46|0x0000000087200000, 0x0000000087200000, 0x0000000087300000|  0%| F|  |TAMS 0x0000000087200000| PB 0x0000000087200000| Untracked 
|  47|0x0000000087300000, 0x0000000087300000, 0x0000000087400000|  0%| F|  |TAMS 0x0000000087300000| PB 0x0000000087300000| Untracked 
|  48|0x0000000087400000, 0x0000000087400000, 0x0000000087500000|  0%| F|  |TAMS 0x0000000087400000| PB 0x0000000087400000| Untracked 
|  49|0x0000000087500000, 0x0000000087500000, 0x0000000087600000|  0%| F|  |TAMS 0x0000000087500000| PB 0x0000000087500000| Untracked 
|  50|0x0000000087600000, 0x0000000087600000, 0x0000000087700000|  0%| F|  |TAMS 0x0000000087600000| PB 0x0000000087600000| Untracked 
|  51|0x0000000087700000, 0x0000000087700000, 0x0000000087800000|  0%| F|  |TAMS 0x0000000087700000| PB 0x0000000087700000| Untracked 
|  52|0x0000000087800000, 0x0000000087800000, 0x0000000087900000|  0%| F|  |TAMS 0x0000000087800000| PB 0x0000000087800000| Untracked 
|  53|0x0000000087900000, 0x0000000087900000, 0x0000000087a00000|  0%| F|  |TAMS 0x0000000087900000| PB 0x0000000087900000| Untracked 
|  54|0x0000000087a00000, 0x0000000087a00000, 0x0000000087b00000|  0%| F|  |TAMS 0x0000000087a00000| PB 0x0000000087a00000| Untracked 
|  55|0x0000000087b00000, 0x0000000087b00000, 0x0000000087c00000|  0%| F|  |TAMS 0x0000000087b00000| PB 0x0000000087b00000| Untracked 
|  56|0x0000000087c00000, 0x0000000087c00000, 0x0000000087d00000|  0%| F|  |TAMS 0x0000000087c00000| PB 0x0000000087c00000| Untracked 
|  57|0x0000000087d00000, 0x0000000087d00000, 0x0000000087e00000|  0%| F|  |TAMS 0x0000000087d00000| PB 0x0000000087d00000| Untracked 
|  58|0x0000000087e00000, 0x0000000087e00000, 0x0000000087f00000|  0%| F|  |TAMS 0x0000000087e00000| PB 0x0000000087e00000| Untracked 
|  59|0x0000000087f00000, 0x0000000087f00000, 0x0000000088000000|  0%| F|  |TAMS 0x0000000087f00000| PB 0x0000000087f00000| Untracked 
|  60|0x0000000088000000, 0x0000000088000000, 0x0000000088100000|  0%| F|  |TAMS 0x0000000088000000| PB 0x0000000088000000| Untracked 
|  61|0x0000000088100000, 0x0000000088100000, 0x0000000088200000|  0%| F|  |TAMS 0x0000000088100000| PB 0x0000000088100000| Untracked 
|  62|0x0000000088200000, 0x0000000088200000, 0x0000000088300000|  0%| F|  |TAMS 0x0000000088200000| PB 0x0000000088200000| Untracked 
|  63|0x0000000088300000, 0x0000000088300000, 0x0000000088400000|  0%| F|  |TAMS 0x0000000088300000| PB 0x0000000088300000| Untracked 
|  64|0x0000000088400000, 0x0000000088400000, 0x0000000088500000|  0%| F|  |TAMS 0x0000000088400000| PB 0x0000000088400000| Untracked 
|  65|0x0000000088500000, 0x0000000088500000, 0x0000000088600000|  0%| F|  |TAMS 0x0000000088500000| PB 0x0000000088500000| Untracked 
|  66|0x0000000088600000, 0x0000000088600000, 0x0000000088700000|  0%| F|  |TAMS 0x0000000088600000| PB 0x0000000088600000| Untracked 
|  67|0x0000000088700000, 0x0000000088700000, 0x0000000088800000|  0%| F|  |TAMS 0x0000000088700000| PB 0x0000000088700000| Untracked 
|  68|0x0000000088800000, 0x0000000088800000, 0x0000000088900000|  0%| F|  |TAMS 0x0000000088800000| PB 0x0000000088800000| Untracked 
|  69|0x0000000088900000, 0x0000000088900000, 0x0000000088a00000|  0%| F|  |TAMS 0x0000000088900000| PB 0x0000000088900000| Untracked 
|  70|0x0000000088a00000, 0x0000000088a00000, 0x0000000088b00000|  0%| F|  |TAMS 0x0000000088a00000| PB 0x0000000088a00000| Untracked 
|  71|0x0000000088b00000, 0x0000000088b00000, 0x0000000088c00000|  0%| F|  |TAMS 0x0000000088b00000| PB 0x0000000088b00000| Untracked 
|  72|0x0000000088c00000, 0x0000000088c00000, 0x0000000088d00000|  0%| F|  |TAMS 0x0000000088c00000| PB 0x0000000088c00000| Untracked 
|  73|0x0000000088d00000, 0x0000000088d00000, 0x0000000088e00000|  0%| F|  |TAMS 0x0000000088d00000| PB 0x0000000088d00000| Untracked 
|  74|0x0000000088e00000, 0x0000000088e00000, 0x0000000088f00000|  0%| F|  |TAMS 0x0000000088e00000| PB 0x0000000088e00000| Untracked 
|  75|0x0000000088f00000, 0x0000000088f00000, 0x0000000089000000|  0%| F|  |TAMS 0x0000000088f00000| PB 0x0000000088f00000| Untracked 
|  76|0x0000000089000000, 0x0000000089000000, 0x0000000089100000|  0%| F|  |TAMS 0x0000000089000000| PB 0x0000000089000000| Untracked 
|  77|0x0000000089100000, 0x0000000089100000, 0x0000000089200000|  0%| F|  |TAMS 0x0000000089100000| PB 0x0000000089100000| Untracked 
|  78|0x0000000089200000, 0x0000000089200000, 0x0000000089300000|  0%| F|  |TAMS 0x0000000089200000| PB 0x0000000089200000| Untracked 
|  79|0x0000000089300000, 0x0000000089300000, 0x0000000089400000|  0%| F|  |TAMS 0x0000000089300000| PB 0x0000000089300000| Untracked 
|  80|0x0000000089400000, 0x0000000089400000, 0x0000000089500000|  0%| F|  |TAMS 0x0000000089400000| PB 0x0000000089400000| Untracked 
|  81|0x0000000089500000, 0x0000000089500000, 0x0000000089600000|  0%| F|  |TAMS 0x0000000089500000| PB 0x0000000089500000| Untracked 
|  82|0x0000000089600000, 0x0000000089600000, 0x0000000089700000|  0%| F|  |TAMS 0x0000000089600000| PB 0x0000000089600000| Untracked 
|  83|0x0000000089700000, 0x0000000089700000, 0x0000000089800000|  0%| F|  |TAMS 0x0000000089700000| PB 0x0000000089700000| Untracked 
|  84|0x0000000089800000, 0x0000000089800000, 0x0000000089900000|  0%| F|  |TAMS 0x0000000089800000| PB 0x0000000089800000| Untracked 
|  85|0x0000000089900000, 0x0000000089900000, 0x0000000089a00000|  0%| F|  |TAMS 0x0000000089900000| PB 0x0000000089900000| Untracked 
|  86|0x0000000089a00000, 0x0000000089a00000, 0x0000000089b00000|  0%| F|  |TAMS 0x0000000089a00000| PB 0x0000000089a00000| Untracked 
|  87|0x0000000089b00000, 0x0000000089b00000, 0x0000000089c00000|  0%| F|  |TAMS 0x0000000089b00000| PB 0x0000000089b00000| Untracked 
|  88|0x0000000089c00000, 0x0000000089c00000, 0x0000000089d00000|  0%| F|  |TAMS 0x0000000089c00000| PB 0x0000000089c00000| Untracked 
|  89|0x0000000089d00000, 0x0000000089d00000, 0x0000000089e00000|  0%| F|  |TAMS 0x0000000089d00000| PB 0x0000000089d00000| Untracked 
|  90|0x0000000089e00000, 0x0000000089e00000, 0x0000000089f00000|  0%| F|  |TAMS 0x0000000089e00000| PB 0x0000000089e00000| Untracked 
|  91|0x0000000089f00000, 0x0000000089f00000, 0x000000008a000000|  0%| F|  |TAMS 0x0000000089f00000| PB 0x0000000089f00000| Untracked 
|  92|0x000000008a000000, 0x000000008a000000, 0x000000008a100000|  0%| F|  |TAMS 0x000000008a000000| PB 0x000000008a000000| Untracked 
|  93|0x000000008a100000, 0x000000008a100000, 0x000000008a200000|  0%| F|  |TAMS 0x000000008a100000| PB 0x000000008a100000| Untracked 
|  94|0x000000008a200000, 0x000000008a200000, 0x000000008a300000|  0%| F|  |TAMS 0x000000008a200000| PB 0x000000008a200000| Untracked 
|  95|0x000000008a300000, 0x000000008a300000, 0x000000008a400000|  0%| F|  |TAMS 0x000000008a300000| PB 0x000000008a300000| Untracked 
|  96|0x000000008a400000, 0x000000008a400000, 0x000000008a500000|  0%| F|  |TAMS 0x000000008a400000| PB 0x000000008a400000| Untracked 
|  97|0x000000008a500000, 0x000000008a500000, 0x000000008a600000|  0%| F|  |TAMS 0x000000008a500000| PB 0x000000008a500000| Untracked 
|  98|0x000000008a600000, 0x000000008a600000, 0x000000008a700000|  0%| F|  |TAMS 0x000000008a600000| PB 0x000000008a600000| Untracked 
|  99|0x000000008a700000, 0x000000008a700000, 0x000000008a800000|  0%| F|  |TAMS 0x000000008a700000| PB 0x000000008a700000| Untracked 
| 100|0x000000008a800000, 0x000000008a800000, 0x000000008a900000|  0%| F|  |TAMS 0x000000008a800000| PB 0x000000008a800000| Untracked 
| 101|0x000000008a900000, 0x000000008a900000, 0x000000008aa00000|  0%| F|  |TAMS 0x000000008a900000| PB 0x000000008a900000| Untracked 
| 102|0x000000008aa00000, 0x000000008aa00000, 0x000000008ab00000|  0%| F|  |TAMS 0x000000008aa00000| PB 0x000000008aa00000| Untracked 
| 103|0x000000008ab00000, 0x000000008ab00000, 0x000000008ac00000|  0%| F|  |TAMS 0x000000008ab00000| PB 0x000000008ab00000| Untracked 
| 104|0x000000008ac00000, 0x000000008ac00000, 0x000000008ad00000|  0%| F|  |TAMS 0x000000008ac00000| PB 0x000000008ac00000| Untracked 
| 105|0x000000008ad00000, 0x000000008ad00000, 0x000000008ae00000|  0%| F|  |TAMS 0x000000008ad00000| PB 0x000000008ad00000| Untracked 
| 106|0x000000008ae00000, 0x000000008ae00000, 0x000000008af00000|  0%| F|  |TAMS 0x000000008ae00000| PB 0x000000008ae00000| Untracked 
| 107|0x000000008af00000, 0x000000008af00000, 0x000000008b000000|  0%| F|  |TAMS 0x000000008af00000| PB 0x000000008af00000| Untracked 
| 108|0x000000008b000000, 0x000000008b000000, 0x000000008b100000|  0%| F|  |TAMS 0x000000008b000000| PB 0x000000008b000000| Untracked 
| 109|0x000000008b100000, 0x000000008b175c88, 0x000000008b200000| 46%| E|  |TAMS 0x000000008b100000| PB 0x000000008b100000| Complete 
| 110|0x000000008b200000, 0x000000008b300000, 0x000000008b300000|100%| E|CS|TAMS 0x000000008b200000| PB 0x000000008b200000| Complete 
| 111|0x000000008b300000, 0x000000008b400000, 0x000000008b400000|100%| E|CS|TAMS 0x000000008b300000| PB 0x000000008b300000| Complete 
| 112|0x000000008b400000, 0x000000008b500000, 0x000000008b500000|100%| E|CS|TAMS 0x000000008b400000| PB 0x000000008b400000| Complete 
| 113|0x000000008b500000, 0x000000008b600000, 0x000000008b600000|100%| E|CS|TAMS 0x000000008b500000| PB 0x000000008b500000| Complete 
| 114|0x000000008b600000, 0x000000008b700000, 0x000000008b700000|100%| E|  |TAMS 0x000000008b600000| PB 0x000000008b600000| Complete 
| 115|0x000000008b700000, 0x000000008b800000, 0x000000008b800000|100%| E|CS|TAMS 0x000000008b700000| PB 0x000000008b700000| Complete 
| 116|0x000000008b800000, 0x000000008b900000, 0x000000008b900000|100%| E|CS|TAMS 0x000000008b800000| PB 0x000000008b800000| Complete 
| 117|0x000000008b900000, 0x000000008ba00000, 0x000000008ba00000|100%| E|CS|TAMS 0x000000008b900000| PB 0x000000008b900000| Complete 
| 118|0x000000008ba00000, 0x000000008bb00000, 0x000000008bb00000|100%| E|CS|TAMS 0x000000008ba00000| PB 0x000000008ba00000| Complete 
| 119|0x000000008bb00000, 0x000000008bc00000, 0x000000008bc00000|100%| E|CS|TAMS 0x000000008bb00000| PB 0x000000008bb00000| Complete 
| 120|0x000000008bc00000, 0x000000008bd00000, 0x000000008bd00000|100%| E|CS|TAMS 0x000000008bc00000| PB 0x000000008bc00000| Complete 
| 121|0x000000008bd00000, 0x000000008be00000, 0x000000008be00000|100%| E|CS|TAMS 0x000000008bd00000| PB 0x000000008bd00000| Complete 
| 122|0x000000008be00000, 0x000000008bf00000, 0x000000008bf00000|100%| E|CS|TAMS 0x000000008be00000| PB 0x000000008be00000| Complete 
| 123|0x000000008bf00000, 0x000000008c000000, 0x000000008c000000|100%| E|CS|TAMS 0x000000008bf00000| PB 0x000000008bf00000| Complete 

Card table byte_map: [0x0000025eebc80000,0x0000025eec060000] _byte_map_base: 0x0000025eeb85e000

Marking Bits: (CMBitMap*) 0x0000025ed834eda0
 Bits: [0x0000025eec060000, 0x0000025eedf50000)

Polling page: 0x0000025ed64c0000

Metaspace:

Usage:
  Non-class:      2.57 MB used.
      Class:    357.37 KB used.
       Both:      2.92 MB used.

Virtual space:
  Non-class space:       64.00 MB reserved,       2.69 MB (  4%) committed,  1 nodes.
      Class space:        1.00 GB reserved,     448.00 KB ( <1%) committed,  1 nodes.
             Both:        1.06 GB reserved,       3.12 MB ( <1%) committed. 

Chunk freelists:
   Non-Class:  10.45 MB
       Class:  15.44 MB
        Both:  25.89 MB

MaxMetaspaceSize: unlimited
CompressedClassSpaceSize: 1.00 GB
Initial GC threshold: 21.00 MB
Current GC threshold: 21.00 MB
CDS: on
 - commit_granule_bytes: 65536.
 - commit_granule_words: 8192.
 - virtual_space_node_default_size: 8388608.
 - enlarge_chunks_in_place: 1.
 - use_allocation_guard: 0.


Internal statistics:

num_allocs_failed_limit: 0.
num_arena_births: 174.
num_arena_deaths: 0.
num_vsnodes_births: 2.
num_vsnodes_deaths: 0.
num_space_committed: 50.
num_space_uncommitted: 0.
num_chunks_returned_to_freelist: 0.
num_chunks_taken_from_freelist: 319.
num_chunk_merges: 0.
num_chunk_splits: 178.
num_chunks_enlarged: 71.
num_inconsistent_stats: 0.

CodeHeap 'non-profiled nmethods': size=120000Kb used=345Kb max_used=345Kb free=119654Kb
 bounds [0x0000025ee3e10000, 0x0000025ee4080000, 0x0000025eeb340000]
CodeHeap 'profiled nmethods': size=120000Kb used=1658Kb max_used=1658Kb free=118341Kb
 bounds [0x0000025edc340000, 0x0000025edc5b0000, 0x0000025ee3870000]
CodeHeap 'non-nmethods': size=5760Kb used=1425Kb max_used=1440Kb free=4334Kb
 bounds [0x0000025ee3870000, 0x0000025ee3ae0000, 0x0000025ee3e10000]
CodeCache: size=245760Kb, used=3428Kb, max_used=3443Kb, free=242329Kb
 total_blobs=1579, nmethods=1068, adapters=416, full_count=0
Compilation: enabled, stopped_count=0, restarted_count=0

Compilation events (20 events):
Event: 0.381 Thread 0x0000025ef0be9950  995       3       sun.security.util.math.intpoly.IntegerPolynomial$MutableElement::setSum (6 bytes)
Event: 0.381 Thread 0x0000025ef0be9950 nmethod 995 0x0000025edc4b4d90 code [0x0000025edc4b4f40, 0x0000025edc4b5080]
Event: 0.381 Thread 0x0000025ef0be9950 1001       3       sun.security.ec.XECOperations::cswap (9 bytes)
Event: 0.381 Thread 0x0000025ef0be9950 nmethod 1001 0x0000025edc4b5110 code [0x0000025edc4b52c0, 0x0000025edc4b5430]
Event: 0.381 Thread 0x0000025ef0be9950 1002       3       sun.security.util.math.intpoly.IntegerPolynomial$MutableElement::conditionalSwapWith (65 bytes)
Event: 0.381 Thread 0x0000025ef0be9950 nmethod 1002 0x0000025edc4b5510 code [0x0000025edc4b56c0, 0x0000025edc4b5930]
Event: 0.382 Thread 0x0000025ef0be9950 1003       3       java.math.BigInteger::shiftRight (48 bytes)
Event: 0.382 Thread 0x0000025ef0be9950 nmethod 1003 0x0000025edc4b5a10 code [0x0000025edc4b5c00, 0x0000025edc4b5f50]
Event: 0.382 Thread 0x0000025ef0be9950 1004       3       java.math.BigInteger::intValue (10 bytes)
Event: 0.382 Thread 0x0000025ef0be9950 nmethod 1004 0x0000025edc4b6090 code [0x0000025edc4b6240, 0x0000025edc4b6380]
Event: 0.382 Thread 0x0000025ef0be9950 1005       3       java.math.BigInteger::bitLength (140 bytes)
Event: 0.383 Thread 0x0000025ef0be9950 nmethod 1005 0x0000025edc4b6410 code [0x0000025edc4b6600, 0x0000025edc4b6b00]
Event: 0.383 Thread 0x0000025ef58260e0 nmethod 979 0x0000025ee3e5ec10 code [0x0000025ee3e5ede0, 0x0000025ee3e5f1c8]
Event: 0.383 Thread 0x0000025ef58260e0  980       4       java.lang.String::toString (2 bytes)
Event: 0.383 Thread 0x0000025ef58260e0 nmethod 980 0x0000025ee3e5f510 code [0x0000025ee3e5f6a0, 0x0000025ee3e5f728]
Event: 0.383 Thread 0x0000025ef58260e0  970   !   4       java.lang.ref.NativeReferenceQueue::poll (28 bytes)
Event: 0.383 Thread 0x0000025ef58260e0 nmethod 970 0x0000025ee3e5f810 code [0x0000025ee3e5f9a0, 0x0000025ee3e5fa50]
Event: 0.383 Thread 0x0000025ef58260e0  999       4       sun.security.util.math.intpoly.IntegerPolynomial25519::carryReduce (639 bytes)
Event: 0.383 Thread 0x0000025ef0be9950 1006  s    3       java.io.ByteArrayOutputStream::toByteArray (12 bytes)
Event: 0.383 Thread 0x0000025ef0be9950 nmethod 1006 0x0000025edc4b6d90 code [0x0000025edc4b6f40, 0x0000025edc4b7150]

GC Heap History (0 events):
No events

Dll operation events (2 events):
Event: 0.012 Loaded shared library C:\Program Files\JetBrains\IntelliJ IDEA 2025.2.4\jbr\bin\java.dll
Event: 0.110 Loaded shared library C:\Program Files\JetBrains\IntelliJ IDEA 2025.2.4\jbr\bin\zip.dll

Deoptimization events (4 events):
Event: 0.301 Thread 0x0000025ed5f2fb30 DEOPT PACKING pc=0x0000025edc35934c sp=0x00000061de0fc6d0
Event: 0.301 Thread 0x0000025ed5f2fb30 DEOPT UNPACKING pc=0x0000025ee38c4e42 sp=0x00000061de0fbaf0 mode 0
Event: 0.317 Thread 0x0000025ed5f2fb30 DEOPT PACKING pc=0x0000025edc356c4c sp=0x00000061de0fbf30
Event: 0.317 Thread 0x0000025ed5f2fb30 DEOPT UNPACKING pc=0x0000025ee38c4e42 sp=0x00000061de0fb398 mode 0

Classes loaded (20 events):
Event: 0.326 Loading class jdk/net/ExtendedSocketOptions$2
Event: 0.326 Loading class jdk/net/ExtendedSocketOptions$2 done
Event: 0.326 Loading class jdk/net/WindowsSocketOptions
Event: 0.326 Loading class jdk/net/WindowsSocketOptions done
Event: 0.327 Loading class jdk/net/ExtendedSocketOptions$1
Event: 0.327 Loading class jdk/net/ExtendedSocketOptions$1 done
Event: 0.328 Loading class java/nio/BufferMismatch
Event: 0.328 Loading class java/nio/BufferMismatch done
Event: 0.328 Loading class sun/nio/ch/SourceChannelImpl
Event: 0.328 Loading class java/nio/channels/Pipe$SourceChannel
Event: 0.329 Loading class java/nio/channels/Pipe$SourceChannel done
Event: 0.329 Loading class sun/nio/ch/SourceChannelImpl done
Event: 0.329 Loading class sun/nio/ch/SinkChannelImpl
Event: 0.329 Loading class java/nio/channels/Pipe$SinkChannel
Event: 0.329 Loading class java/nio/channels/Pipe$SinkChannel done
Event: 0.329 Loading class sun/nio/ch/SinkChannelImpl done
Event: 0.336 Loading class sun/net/spi/DefaultProxySelector$NonProxyInfo
Event: 0.336 Loading class sun/net/spi/DefaultProxySelector$NonProxyInfo done
Event: 0.336 Loading class sun/net/spi/DefaultProxySelector$3
Event: 0.336 Loading class sun/net/spi/DefaultProxySelector$3 done

Classes unloaded (0 events):
No events

Classes redefined (0 events):
No events

Internal exceptions (19 events):
Event: 0.117 Thread 0x0000025ed5f2fb30 Exception <a 'sun/nio/fs/WindowsException'{0x000000008bb159b0}> (0x000000008bb159b0) 
thrown [s\src\hotspot\share\prims\jni.cpp, line 537]
Event: 0.271 Thread 0x0000025ed5f2fb30 Exception <a 'java/lang/NoSuchMethodError'{0x000000008baa0f70}: 'java.lang.Object java.lang.invoke.DirectMethodHandle$Holder.invokeStaticInit(java.lang.Object, java.lang.Object, int, int, int, int)'> (0x000000008baa0f70) 
thrown [s\src\hotspot\share\interpreter\linkResolver.cpp, line 784]
Event: 0.281 Thread 0x0000025ed5f2fb30 Exception <a 'java/lang/NoSuchMethodError'{0x000000008b9638b8}: 'java.lang.Object java.lang.invoke.DirectMethodHandle$Holder.invokeStaticInit(java.lang.Object, java.lang.Object, int)'> (0x000000008b9638b8) 
thrown [s\src\hotspot\share\interpreter\linkResolver.cpp, line 784]
Event: 0.282 Thread 0x0000025ed5f2fb30 Exception <a 'java/lang/NoSuchMethodError'{0x000000008b9697c0}: 'java.lang.Object java.lang.invoke.DirectMethodHandle$Holder.newInvokeSpecial(java.lang.Object, java.lang.Object, int)'> (0x000000008b9697c0) 
thrown [s\src\hotspot\share\interpreter\linkResolver.cpp, line 784]
Event: 0.283 Thread 0x0000025ed5f2fb30 Exception <a 'java/lang/NoSuchMethodError'{0x000000008b97f5b0}: 'int java.lang.invoke.DirectMethodHandle$Holder.invokeSpecialIFC(java.lang.Object, java.lang.Object, java.lang.Object)'> (0x000000008b97f5b0) 
thrown [s\src\hotspot\share\interpreter\linkResolver.cpp, line 784]
Event: 0.290 Thread 0x0000025ed5f2fb30 Exception <a 'java/lang/NoSuchMethodError'{0x000000008b9b7380}: 'java.lang.Object java.lang.invoke.Invokers$Holder.invoke_MT(java.lang.Object, java.lang.Object, java.lang.Object, java.lang.Object, java.lang.Object, java.lang.Object, java.lang.Object, java.lang.Object, java.lang.Object, java.lang.Object)'> (0x000000008b9b7380) 
thrown [s\src\hotspot\share\interpreter\linkResolver.cpp, line 784]
Event: 0.295 Thread 0x0000025ed5f2fb30 Exception <a 'java/lang/NoSuchMethodError'{0x000000008b9f6d80}: 'int java.lang.invoke.DirectMethodHandle$Holder.invokeSpecial(java.lang.Object, java.lang.Object, java.lang.Object, java.lang.Object)'> (0x000000008b9f6d80) 
thrown [s\src\hotspot\share\interpreter\linkResolver.cpp, line 784]
Event: 0.296 Thread 0x0000025ed5f2fb30 Exception <a 'java/lang/NoSuchMethodError'{0x000000008b80c368}: 'java.lang.Object java.lang.invoke.DirectMethodHandle$Holder.invokeSpecial(java.lang.Object, java.lang.Object, int, java.lang.Object, java.lang.Object)'> (0x000000008b80c368) 
thrown [s\src\hotspot\share\interpreter\linkResolver.cpp, line 784]
Event: 0.297 Thread 0x0000025ed5f2fb30 Exception <a 'java/lang/NoSuchMethodError'{0x000000008b80fcf8}: 'java.lang.Object java.lang.invoke.DelegatingMethodHandle$Holder.delegate(java.lang.Object, int, java.lang.Object, java.lang.Object)'> (0x000000008b80fcf8) 
thrown [s\src\hotspot\share\interpreter\linkResolver.cpp, line 784]
Event: 0.298 Thread 0x0000025ed5f2fb30 Exception <a 'java/lang/NoSuchMethodError'{0x000000008b81f560}: 'int java.lang.invoke.Invokers$Holder.linkToTargetMethod(java.lang.Object, java.lang.Object, java.lang.Object)'> (0x000000008b81f560) 
thrown [s\src\hotspot\share\interpreter\linkResolver.cpp, line 784]
Event: 0.301 Thread 0x0000025ed5f2fb30 Exception <a 'java/lang/NoSuchMethodError'{0x000000008b851218}: 'long java.lang.invoke.DirectMethodHandle$Holder.invokeSpecial(java.lang.Object, java.lang.Object)'> (0x000000008b851218) 
thrown [s\src\hotspot\share\interpreter\linkResolver.cpp, line 784]
Event: 0.301 Thread 0x0000025ed5f2fb30 Exception <a 'java/lang/NoSuchMethodError'{0x000000008b857f68}: 'java.lang.Object java.lang.invoke.Invokers$Holder.invokeExact_MT(java.lang.Object, java.lang.Object, java.lang.Object, java.lang.Object, java.lang.Object, java.lang.Object)'> (0x000000008b857f68) 
thrown [s\src\hotspot\share\interpreter\linkResolver.cpp, line 784]
Event: 0.333 Thread 0x0000025ed5f2fb30 Exception <a 'java/lang/NoSuchMethodError'{0x000000008b7e8768}: 'java.lang.Object java.lang.invoke.DirectMethodHandle$Holder.newInvokeSpecial(java.lang.Object, java.lang.Object, java.lang.Object, java.lang.Object, java.lang.Object)'> (0x000000008b7e8768) 
thrown [s\src\hotspot\share\interpreter\linkResolver.cpp, line 784]
Event: 0.351 Thread 0x0000025ed5f2fb30 Exception <a 'java/lang/NoSuchMethodError'{0x000000008b589490}: 'java.lang.Object java.lang.invoke.DirectMethodHandle$Holder.invokeSpecial(java.lang.Object, java.lang.Object, java.lang.Object, java.lang.Object, int)'> (0x000000008b589490) 
thrown [s\src\hotspot\share\interpreter\linkResolver.cpp, line 784]
Event: 0.351 Thread 0x0000025ed5f2fb30 Exception <a 'java/lang/NoSuchMethodError'{0x000000008b58cdf8}: 'java.lang.Object java.lang.invoke.Invokers$Holder.linkToTargetMethod(java.lang.Object, java.lang.Object, int, java.lang.Object)'> (0x000000008b58cdf8) 
thrown [s\src\hotspot\share\interpreter\linkResolver.cpp, line 784]
Event: 0.354 Thread 0x0000025ed5f2fb30 Exception <a 'java/lang/NoSuchMethodError'{0x000000008b5bb398}: 'void java.lang.invoke.DirectMethodHandle$Holder.invokeSpecial(java.lang.Object, java.lang.Object, java.lang.Object)'> (0x000000008b5bb398) 
thrown [s\src\hotspot\share\interpreter\linkResolver.cpp, line 784]
Event: 0.362 Thread 0x0000025ef57b1580 Exception <a 'java/lang/NoSuchMethodError'{0x000000008b487110}: 'void java.lang.invoke.DirectMethodHandle$Holder.invokeStatic(java.lang.Object, java.lang.Object, int)'> (0x000000008b487110) 
thrown [s\src\hotspot\share\interpreter\linkResolver.cpp, line 784]
Event: 0.363 Thread 0x0000025ed5f2fb30 Exception <a 'java/lang/NoSuchMethodError'{0x000000008b44b900}: 'void java.lang.invoke.DirectMethodHandle$Holder.invokeSpecial(java.lang.Object, java.lang.Object, java.lang.Object, java.lang.Object, java.lang.Object)'> (0x000000008b44b900) 
thrown [s\src\hotspot\share\interpreter\linkResolver.cpp, line 784]
Event: 0.367 Thread 0x0000025ef57e0f60 Exception <a 'java/lang/NoSuchMethodError'{0x000000008b313808}: 'void java.lang.invoke.DirectMethodHandle$Holder.invokeInterface(java.lang.Object, java.lang.Object, java.lang.Object)'> (0x000000008b313808) 
thrown [s\src\hotspot\share\interpreter\linkResolver.cpp, line 784]

ZGC Phase Switch (0 events):
No events

VM Operations (6 events):
Event: 0.067 Executing VM operation: HandshakeAllThreads (Deoptimize)
Event: 0.067 Executing VM operation: HandshakeAllThreads (Deoptimize) done
Event: 0.144 Executing VM operation: HandshakeAllThreads (Deoptimize)
Event: 0.144 Executing VM operation: HandshakeAllThreads (Deoptimize) done
Event: 0.363 Executing VM operation: HandshakeAllThreads (Deoptimize)
Event: 0.363 Executing VM operation: HandshakeAllThreads (Deoptimize) done

Memory protections (0 events):
No events

Nmethod flushes (0 events):
No events

Events (20 events):
Event: 0.044 Thread 0x0000025ed5f2fb30 Thread added: 0x0000025ef0bbc770
Event: 0.045 Thread 0x0000025ed5f2fb30 Thread added: 0x0000025ef0bbf6b0
Event: 0.045 Thread 0x0000025ed5f2fb30 Thread added: 0x0000025ef0bc2120
Event: 0.045 Thread 0x0000025ed5f2fb30 Thread added: 0x0000025ef0bc38a0
Event: 0.045 Thread 0x0000025ed5f2fb30 Thread added: 0x0000025ef0bc7070
Event: 0.045 Thread 0x0000025ed5f2fb30 Thread added: 0x0000025ef0bc4300
Event: 0.045 Thread 0x0000025ed5f2fb30 Thread added: 0x0000025ef0bc4970
Event: 0.045 Thread 0x0000025ed5f2fb30 Thread added: 0x0000025ef0bc5700
Event: 0.045 Thread 0x0000025ed5f2fb30 Thread added: 0x0000025ef0be9950
Event: 0.056 Thread 0x0000025ed5f2fb30 Thread added: 0x0000025ef516c2c0
Event: 0.059 Loaded shared library C:\Program Files\JetBrains\IntelliJ IDEA 2025.2.4\jbr\bin\net.dll
Event: 0.060 Loaded shared library C:\Program Files\JetBrains\IntelliJ IDEA 2025.2.4\jbr\bin\nio.dll
Event: 0.065 Loaded shared library C:\Program Files\JetBrains\IntelliJ IDEA 2025.2.4\jbr\bin\zip.dll
Event: 0.092 Loaded shared library C:\Program Files\JetBrains\IntelliJ IDEA 2025.2.4\jbr\bin\jimage.dll
Event: 0.103 Loaded shared library C:\Program Files\JetBrains\IntelliJ IDEA 2025.2.4\jbr\bin\sunmscapi.dll
Event: 0.327 Loaded shared library C:\Program Files\JetBrains\IntelliJ IDEA 2025.2.4\jbr\bin\extnet.dll
Event: 0.330 Thread 0x0000025ed5f2fb30 Thread added: 0x0000025ef57b1580
Event: 0.365 Thread 0x0000025ef57b1580 Thread added: 0x0000025ef57e0f60
Event: 0.373 Thread 0x0000025ef57b1580 Thread added: 0x0000025ef5853530
Event: 0.380 Thread 0x0000025ef0be9950 Thread added: 0x0000025ef58260e0


Dynamic libraries:
0x00007ff65b8d0000 - 0x00007ff65b8da000 	C:\Program Files\JetBrains\IntelliJ IDEA 2025.2.4\jbr\bin\java.exe
0x00007ffff6400000 - 0x00007ffff6667000 	C:\WINDOWS\SYSTEM32\ntdll.dll
0x00007ffff4370000 - 0x00007ffff4439000 	C:\WINDOWS\System32\KERNEL32.DLL
0x00007ffff3cc0000 - 0x00007ffff40af000 	C:\WINDOWS\System32\KERNELBASE.dll
0x00007ffff3ab0000 - 0x00007ffff3bfb000 	C:\WINDOWS\System32\ucrtbase.dll
0x00007fffbb780000 - 0x00007fffbb79b000 	C:\Program Files\JetBrains\IntelliJ IDEA 2025.2.4\jbr\bin\VCRUNTIME140.dll
0x00007fffa08b0000 - 0x00007fffa08c8000 	C:\Program Files\JetBrains\IntelliJ IDEA 2025.2.4\jbr\bin\jli.dll
0x00007ffff5680000 - 0x00007ffff5845000 	C:\WINDOWS\System32\USER32.dll
0x00007ffff4170000 - 0x00007ffff4197000 	C:\WINDOWS\System32\win32u.dll
0x00007fffdc6e0000 - 0x00007fffdc973000 	C:\WINDOWS\WinSxS\amd64_microsoft.windows.common-controls_6595b64144ccf1df_6.0.26100.7309_none_3e05feeae336a044\COMCTL32.dll
0x00007ffff4200000 - 0x00007ffff422b000 	C:\WINDOWS\System32\GDI32.dll
0x00007ffff42c0000 - 0x00007ffff4369000 	C:\WINDOWS\System32\msvcrt.dll
0x00007ffff3760000 - 0x00007ffff388c000 	C:\WINDOWS\System32\gdi32full.dll
0x00007ffff40c0000 - 0x00007ffff4163000 	C:\WINDOWS\System32\msvcp_win.dll
0x00007ffff4cb0000 - 0x00007ffff4ce1000 	C:\WINDOWS\System32\IMM32.DLL
0x00007fffd4a60000 - 0x00007fffd4a6c000 	C:\Program Files\JetBrains\IntelliJ IDEA 2025.2.4\jbr\bin\vcruntime140_1.dll
0x00007fff5d4f0000 - 0x00007fff5d57d000 	C:\Program Files\JetBrains\IntelliJ IDEA 2025.2.4\jbr\bin\msvcp140.dll
0x00007fff1a9f0000 - 0x00007fff1b7bb000 	C:\Program Files\JetBrains\IntelliJ IDEA 2025.2.4\jbr\bin\server\jvm.dll
0x00007ffff59f0000 - 0x00007ffff5aa4000 	C:\WINDOWS\System32\ADVAPI32.dll
0x00007ffff5550000 - 0x00007ffff55f6000 	C:\WINDOWS\System32\sechost.dll
0x00007ffff5ab0000 - 0x00007ffff5bc8000 	C:\WINDOWS\System32\RPCRT4.dll
0x00007ffff62b0000 - 0x00007ffff6324000 	C:\WINDOWS\System32\WS2_32.dll
0x00007fffe1a60000 - 0x00007fffe1a6b000 	C:\WINDOWS\SYSTEM32\VERSION.dll
0x00007fffdf900000 - 0x00007fffdf935000 	C:\WINDOWS\SYSTEM32\WINMM.dll
0x00007ffff33d0000 - 0x00007ffff342e000 	C:\WINDOWS\SYSTEM32\POWRPROF.dll
0x00007ffff33b0000 - 0x00007ffff33c4000 	C:\WINDOWS\SYSTEM32\UMPDC.dll
0x00007ffff2300000 - 0x00007ffff231b000 	C:\WINDOWS\SYSTEM32\kernel.appcore.dll
0x00007fffbb770000 - 0x00007fffbb77a000 	C:\Program Files\JetBrains\IntelliJ IDEA 2025.2.4\jbr\bin\jimage.dll
0x00007ffff0c00000 - 0x00007ffff0e42000 	C:\WINDOWS\SYSTEM32\DBGHELP.DLL
0x00007ffff4490000 - 0x00007ffff4815000 	C:\WINDOWS\System32\combase.dll
0x00007ffff4bd0000 - 0x00007ffff4ca6000 	C:\WINDOWS\System32\OLEAUT32.dll
0x00007fffbd980000 - 0x00007fffbd9bc000 	C:\WINDOWS\SYSTEM32\dbgcore.DLL
0x00007ffff3a00000 - 0x00007ffff3aa5000 	C:\WINDOWS\System32\bcryptPrimitives.dll
0x00007fffb0e30000 - 0x00007fffb0e50000 	C:\Program Files\JetBrains\IntelliJ IDEA 2025.2.4\jbr\bin\java.dll
0x00007ffff4cf0000 - 0x00007ffff5443000 	C:\WINDOWS\System32\SHELL32.dll
0x00007ffff3890000 - 0x00007ffff39fa000 	C:\WINDOWS\System32\wintypes.dll
0x00007ffff1120000 - 0x00007ffff197e000 	C:\WINDOWS\SYSTEM32\windows.storage.dll
0x00007ffff5450000 - 0x00007ffff5545000 	C:\WINDOWS\System32\SHCORE.dll
0x00007ffff5bd0000 - 0x00007ffff5c36000 	C:\WINDOWS\System32\shlwapi.dll
0x00007ffff3470000 - 0x00007ffff3499000 	C:\WINDOWS\SYSTEM32\profapi.dll
0x00007fffbb760000 - 0x00007fffbb770000 	C:\Program Files\JetBrains\IntelliJ IDEA 2025.2.4\jbr\bin\net.dll
0x00007fffed380000 - 0x00007fffed4a8000 	C:\WINDOWS\SYSTEM32\WINHTTP.dll
0x00007ffff2870000 - 0x00007ffff28db000 	C:\WINDOWS\system32\mswsock.dll
0x00007fffb0070000 - 0x00007fffb0086000 	C:\Program Files\JetBrains\IntelliJ IDEA 2025.2.4\jbr\bin\nio.dll
0x00007fffb0090000 - 0x00007fffb00a8000 	C:\Program Files\JetBrains\IntelliJ IDEA 2025.2.4\jbr\bin\zip.dll
0x00007fffb0050000 - 0x00007fffb005e000 	C:\Program Files\JetBrains\IntelliJ IDEA 2025.2.4\jbr\bin\sunmscapi.dll
0x00007ffff35e0000 - 0x00007ffff3757000 	C:\WINDOWS\System32\CRYPT32.dll
0x00007ffff2d50000 - 0x00007ffff2d80000 	C:\WINDOWS\SYSTEM32\ncrypt.dll
0x00007ffff2d00000 - 0x00007ffff2d3f000 	C:\WINDOWS\SYSTEM32\NTASN1.dll
0x00007ffff2b40000 - 0x00007ffff2b5b000 	C:\WINDOWS\SYSTEM32\CRYPTSP.dll
0x00007ffff2260000 - 0x00007ffff229a000 	C:\WINDOWS\system32\rsaenh.dll
0x00007ffff2920000 - 0x00007ffff294b000 	C:\WINDOWS\SYSTEM32\USERENV.dll
0x00007ffff3440000 - 0x00007ffff346a000 	C:\WINDOWS\SYSTEM32\bcrypt.dll
0x00007ffff2b30000 - 0x00007ffff2b3c000 	C:\WINDOWS\SYSTEM32\CRYPTBASE.dll
0x00007ffff1d80000 - 0x00007ffff1db4000 	C:\WINDOWS\SYSTEM32\IPHLPAPI.DLL
0x00007ffff4230000 - 0x00007ffff423a000 	C:\WINDOWS\System32\NSI.dll
0x00007fffc4c80000 - 0x00007fffc4c88000 	C:\WINDOWS\system32\wshunix.dll
0x00007fffb0030000 - 0x00007fffb0039000 	C:\Program Files\JetBrains\IntelliJ IDEA 2025.2.4\jbr\bin\extnet.dll

JVMTI agents: none

dbghelp: loaded successfully - version: 4.0.5 - missing functions: none
symbol engine: initialized successfully - sym options: 0x614 - pdb path: .;C:\Program Files\JetBrains\IntelliJ IDEA 2025.2.4\jbr\bin;C:\WINDOWS\SYSTEM32;C:\WINDOWS\WinSxS\amd64_microsoft.windows.common-controls_6595b64144ccf1df_6.0.26100.7309_none_3e05feeae336a044;C:\Program Files\JetBrains\IntelliJ IDEA 2025.2.4\jbr\bin\server

VM Arguments:
java_command: git4idea.http.GitAskPassApp Username for 'https://github.com': 
java_class_path (initial): C:/Program Files/JetBrains/IntelliJ IDEA 2025.2.4/plugins/vcs-git/lib/git4idea-rt.jar;C:/Program Files/JetBrains/IntelliJ IDEA 2025.2.4/lib/externalProcess-rt.jar
Launcher Type: SUN_STANDARD

[Global flags]
     intx CICompilerCount                          = 4                                         {product} {ergonomic}
     uint ConcGCThreads                            = 3                                         {product} {ergonomic}
     uint G1ConcRefinementThreads                  = 10                                        {product} {ergonomic}
   size_t G1HeapRegionSize                         = 1048576                                   {product} {ergonomic}
    uintx GCDrainStackTargetSize                   = 64                                        {product} {ergonomic}
   size_t InitialHeapSize                          = 130023424                                 {product} {ergonomic}
   size_t MarkStackSize                            = 4194304                                   {product} {ergonomic}
   size_t MaxHeapSize                              = 2076180480                                {product} {ergonomic}
   size_t MaxNewSize                               = 1245708288                                {product} {ergonomic}
   size_t MinHeapDeltaBytes                        = 1048576                                   {product} {ergonomic}
   size_t MinHeapSize                              = 8388608                                   {product} {ergonomic}
    uintx NonNMethodCodeHeapSize                   = 5839372                                {pd product} {ergonomic}
    uintx NonProfiledCodeHeapSize                  = 122909434                              {pd product} {ergonomic}
    uintx ProfiledCodeHeapSize                     = 122909434                              {pd product} {ergonomic}
    uintx ReservedCodeCacheSize                    = 251658240                              {pd product} {ergonomic}
     bool SegmentedCodeCache                       = true                                      {product} {ergonomic}
   size_t SoftMaxHeapSize                          = 2076180480                             {manageable} {ergonomic}
     bool UseCompressedOops                        = true                           {product lp64_product} {ergonomic}
     bool UseG1GC                                  = true                                      {product} {ergonomic}
     bool UseLargePagesIndividualAllocation        = false                                  {pd product} {ergonomic}

Logging:
Log output configuration:
 #0: stdout all=warning uptime,level,tags foldmultilines=false
 #1: stderr all=off uptime,level,tags foldmultilines=false

Environment Variables:
JAVA_HOME=C:\Program Files\Eclipse Adoptium\jdk-25.0.1.8-hotspot
PATH=C:\Program Files\Git\mingw64\libexec\git-core;C:\Program Files\Git\mingw64\libexec\git-core;C:\Program Files\Git\mingw64\bin;C:\Program Files\Git\usr\bin;C:\Users\damia\bin;C:\Program Files\Eclipse Adoptium\jdk-25.0.1.8-hotspot\bin;C:\app\damia\product\21c\dbhomeXE\bin;C:\Windows\System32\HWAudioDriverLibs;C:\Windows\system32;C:\Windows;C:\Windows\System32\Wbem;C:\Windows\System32\WindowsPowerShell\v1.0;C:\Windows\System32\OpenSSH;C:\Users\Administrator\AppData\Local\Microsoft\WindowsApps;C:\WINDOWS\system32;C:\WINDOWS;C:\WINDOWS\System32\Wbem;C:\WINDOWS\System32\WindowsPowerShell\v1.0;C:\WINDOWS\System32\OpenSSH;C:\WINDOWS\system32\config\systemprofile\AppData\Local\Microsoft\WindowsApps;C:\windows\system32\HWAudioDriver;C:\WINDOWS\system32;C:\WINDOWS;C:\WINDOWS\System32\Wbem;C:\WINDOWS\System32\WindowsPowerShell\v1.0;C:\WINDOWS\System32\OpenSSH;C:\Program Files\Git\cmd;C:\Program Files\Git\mingw64\bin;C:\Program Files\Git\usr\bin;C:\Program Files\Eclipse Adoptium\jdk-25.0.1.8-hotspot\bin;C:\Users\damia\AppData\Local\Microsoft\WindowsApps;C:\Users\damia\AppData\Local\Programs\Microsoft VS Code\bin;C:\Users\damia\AppData\Local\JetBrains\Toolbox\scripts
USERNAME=damia
DISPLAY=:0.0
LC_ALL=en_US.UTF-8
TERM=xterm-256color
TMPDIR=C:\Users\damia\AppData\Local\Temp
OS=Windows_NT
PROCESSOR_IDENTIFIER=Intel64 Family 6 Model 154 Stepping 3, GenuineIntel
TMP=C:\Users\damia\AppData\Local\Temp
TEMP=C:\Users\damia\AppData\Local\Temp




Periodic native trim disabled

JNI global refs:
JNI global refs: 20, weak refs: 2

JNI global refs memory usage: 835, weak refs: 833

Process memory usage:
Resident Set Size: 81768K (1% of 8108664K total physical memory with 889540K free physical memory)

OOME stack traces (most recent first):
Classloader memory used:
Loader jdk.internal.loader.ClassLoaders$PlatformClassLoader                            : 1614K
Loader bootstrap                                                                       : 1365K
Loader jdk.internal.loader.ClassLoaders$AppClassLoader                                 : 25696B

---------------  S Y S T E M  ---------------

OS:
 Windows 11 , 64 bit Build 26100 (10.0.26100.7309)
OS uptime: 5 days 2:03 hours
Hyper-V role detected

CPU: total 12 (initial active 12) (6 cores per cpu, 2 threads per core) family 6 model 154 stepping 3 microcode 0x41e, cx8, cmov, fxsr, ht, mmx, 3dnowpref, sse, sse2, sse3, ssse3, sse4.1, sse4.2, popcnt, lzcnt, tsc, tscinvbit, avx, avx2, aes, erms, clmul, bmi1, bmi2, adx, sha, fma, vzeroupper, clflush, clflushopt, clwb, hv, serialize, rdtscp, rdpid, fsrm, f16c, cet_ibt, cet_ss
Processor Information for processor 0
  Max Mhz: 2000, Current Mhz: 2000, Mhz Limit: 2000
Processor Information for processor 1
  Max Mhz: 2000, Current Mhz: 2000, Mhz Limit: 2000
Processor Information for processor 2
  Max Mhz: 2000, Current Mhz: 2000, Mhz Limit: 2000
Processor Information for processor 3
  Max Mhz: 2000, Current Mhz: 2000, Mhz Limit: 2000
Processor Information for processor 4
  Max Mhz: 2000, Current Mhz: 2000, Mhz Limit: 2000
Processor Information for processor 5
  Max Mhz: 2000, Current Mhz: 2000, Mhz Limit: 2000
Processor Information for processor 6
  Max Mhz: 2000, Current Mhz: 2000, Mhz Limit: 2000
Processor Information for processor 7
  Max Mhz: 2000, Current Mhz: 2000, Mhz Limit: 2000
Processor Information for processor 8
  Max Mhz: 2000, Current Mhz: 1500, Mhz Limit: 1500
Processor Information for processor 9
  Max Mhz: 2000, Current Mhz: 1500, Mhz Limit: 1500
Processor Information for processor 10
  Max Mhz: 2000, Current Mhz: 1500, Mhz Limit: 1500
Processor Information for processor 11
  Max Mhz: 2000, Current Mhz: 1500, Mhz Limit: 1500

Memory: 4k page, system-wide physical 7918M (868M free)
TotalPageFile size 32494M (AvailPageFile size 1M)
current process WorkingSet (physical memory assigned to process): 79M, peak: 79M
current process commit charge ("private bytes"): 234M, peak: 235M

vm_info: OpenJDK 64-Bit Server VM (21.0.8+1-b1038.73) for windows-amd64 JRE (21.0.8+1-b1038.73), built on 2025-09-24 by "builduser" with MS VC++ 16.10 / 16.11 (VS2019)

END.
